<?xml version="1.0"?>
<!DOCTYPE coverage SYSTEM "http://cobertura.sourceforge.net/xml/coverage-04.dtd">

<coverage line-rate="1.0" branch-rate="1.0" lines-covered="26" lines-valid="26" branches-covered="6" branches-valid="6" complexity="1.6" version="2.1.1" timestamp="1527671574733">
	<sources>
		<source>/Users/prnd/java/SafeExecutor/target/generated-sources/annotations</source>
		<source>--source</source>
		<source>/Users/prnd/java/SafeExecutor/src/main/java</source>
	</sources>
	<packages>
		<package name="executor" line-rate="1.0" branch-rate="1.0" complexity="1.6">
			<classes>
				<class name="executor.ErrorListener" filename="executor/ErrorListener.java" line-rate="1.0" branch-rate="1.0" complexity="1.0">
					<methods>
					</methods>
					<lines>
					</lines>
				</class>
				<class name="executor.Executable" filename="executor/Executable.java" line-rate="1.0" branch-rate="1.0" complexity="1.0">
					<methods>
					</methods>
					<lines>
					</lines>
				</class>
				<class name="executor.SafeExecutor" filename="executor/SafeExecutor.java" line-rate="1.0" branch-rate="1.0" complexity="1.75">
					<methods>
						<method name="&lt;init&gt;" signature="()V" line-rate="1.0" branch-rate="1.0" complexity="0">
							<lines>
								<line number="7" hits="1" branch="false"/>
								<line number="8" hits="1" branch="false"/>
							</lines>
						</method>
						<method name="build" signature="()Lexecutor/SafeExecutor$SafeExecutorBuilder;" line-rate="1.0" branch-rate="1.0" complexity="0">
							<lines>
								<line number="12" hits="14" branch="false"/>
							</lines>
						</method>
					</methods>
					<lines>
						<line number="7" hits="1" branch="false"/>
						<line number="8" hits="1" branch="false"/>
						<line number="12" hits="14" branch="false"/>
					</lines>
				</class>
				<class name="executor.SafeExecutor$1" filename="executor/SafeExecutor.java" line-rate="1.0" branch-rate="1.0" complexity="1.75">
					<methods>
					</methods>
					<lines>
					</lines>
				</class>
				<class name="executor.SafeExecutor$SafeExecutorBuilder" filename="executor/SafeExecutor.java" line-rate="1.0" branch-rate="1.0" complexity="1.75">
					<methods>
						<method name="&lt;init&gt;" signature="()V" line-rate="1.0" branch-rate="1.0" complexity="0">
							<lines>
								<line number="21" hits="14" branch="false"/>
								<line number="22" hits="14" branch="false"/>
								<line number="23" hits="14" branch="false"/>
							</lines>
						</method>
						<method name="&lt;init&gt;" signature="(Lexecutor/SafeExecutor$1;)V" line-rate="1.0" branch-rate="1.0" complexity="0">
							<lines>
								<line number="15" hits="14" branch="false"/>
							</lines>
						</method>
						<method name="add" signature="(Lexecutor/Executable;)Lexecutor/SafeExecutor$SafeExecutorBuilder;" line-rate="1.0" branch-rate="1.0" complexity="0">
							<lines>
								<line number="26" hits="36" branch="false"/>
								<line number="27" hits="36" branch="false"/>
							</lines>
						</method>
						<method name="executeError" signature="(Ljava/lang/Throwable;)V" line-rate="1.0" branch-rate="1.0" complexity="0">
							<lines>
								<line number="54" hits="12" branch="true" condition-coverage="100% (2/2)">
									<conditions>
										<condition number="0" type="jump" coverage="100%"/>
									</conditions>
								</line>
								<line number="55" hits="3" branch="false"/>
								<line number="57" hits="9" branch="false"/>
								<line number="58" hits="9" branch="false"/>
							</lines>
						</method>
						<method name="ignore" signature="()Lexecutor/SafeExecutor$SafeExecutorBuilder;" line-rate="1.0" branch-rate="1.0" complexity="0">
							<lines>
								<line number="37" hits="3" branch="false"/>
								<line number="38" hits="3" branch="false"/>
							</lines>
						</method>
						<method name="onError" signature="(Lexecutor/ErrorListener;)Lexecutor/SafeExecutor$SafeExecutorBuilder;" line-rate="1.0" branch-rate="1.0" complexity="0">
							<lines>
								<line number="31" hits="3" branch="false"/>
								<line number="32" hits="3" branch="false"/>
								<line number="33" hits="3" branch="false"/>
							</lines>
						</method>
						<method name="run" signature="()V" line-rate="1.0" branch-rate="1.0" complexity="0">
							<lines>
								<line number="42" hits="13" branch="true" condition-coverage="100% (2/2)">
									<conditions>
										<condition number="0" type="jump" coverage="100%"/>
									</conditions>
								</line>
								<line number="44" hits="34" branch="false"/>
								<line number="45" hits="17" branch="false"/>
								<line number="46" hits="17" branch="true" condition-coverage="100% (2/2)">
									<conditions>
										<condition number="0" type="jump" coverage="100%"/>
									</conditions>
								</line>
								<line number="47" hits="12" branch="false"/>
								<line number="49" hits="17" branch="false"/>
								<line number="50" hits="31" branch="false"/>
								<line number="51" hits="10" branch="false"/>
							</lines>
						</method>
					</methods>
					<lines>
						<line number="15" hits="14" branch="false"/>
						<line number="21" hits="14" branch="false"/>
						<line number="22" hits="14" branch="false"/>
						<line number="23" hits="14" branch="false"/>
						<line number="26" hits="36" branch="false"/>
						<line number="27" hits="36" branch="false"/>
						<line number="31" hits="3" branch="false"/>
						<line number="32" hits="3" branch="false"/>
						<line number="33" hits="3" branch="false"/>
						<line number="37" hits="3" branch="false"/>
						<line number="38" hits="3" branch="false"/>
						<line number="42" hits="13" branch="true" condition-coverage="100% (2/2)">
							<conditions>
								<condition number="0" type="jump" coverage="100%"/>
							</conditions>
						</line>
						<line number="44" hits="34" branch="false"/>
						<line number="45" hits="17" branch="false"/>
						<line number="46" hits="17" branch="true" condition-coverage="100% (2/2)">
							<conditions>
								<condition number="0" type="jump" coverage="100%"/>
							</conditions>
						</line>
						<line number="47" hits="12" branch="false"/>
						<line number="49" hits="17" branch="false"/>
						<line number="50" hits="31" branch="false"/>
						<line number="51" hits="10" branch="false"/>
						<line number="54" hits="12" branch="true" condition-coverage="100% (2/2)">
							<conditions>
								<condition number="0" type="jump" coverage="100%"/>
							</conditions>
						</line>
						<line number="55" hits="3" branch="false"/>
						<line number="57" hits="9" branch="false"/>
						<line number="58" hits="9" branch="false"/>
					</lines>
				</class>
			</classes>
		</package>
	</packages>
</coverage>
